<?xml version="1.0" encoding="UTF-8"?>
<!-- Generated by org.testng.reporters.JUnitReportReporter -->
<testsuite hostname="Harish-Laptop" failures="0" tests="2" name="com.test.TestNg" time="0.034" errors="0" timestamp="2023-06-20T22:23:54 IST" skipped="0">
  <testcase classname="com.test.TestNg" name="googleTitleTest1" time="0.013"/>
  <system-out/>
  <testcase classname="com.test.TestNg" name="googleTitleTest" time="0.021"/>
  <system-out/>
</testsuite> <!-- com.test.TestNg -->
