<?xml version="1.0" encoding="UTF-8"?>
<!-- Generated by org.testng.reporters.JUnitReportReporter -->
<testsuite hostname="Harish-Laptop" failures="0" tests="2" name="com.test.TestNg2" time="0.024" errors="0" timestamp="2023-01-03T12:00:51 IST" skipped="0">
  <testcase classname="com.test.TestNg2" name="searchTest" time="0.009"/>
  <system-out/>
  <testcase classname="com.test.TestNg2" name="googleTitleTest" time="0.015"/>
  <system-out/>
</testsuite> <!-- com.test.TestNg2 -->
